example/build/outputs/logs/manifest-merger-debug-report.txt
-- Merging decision tree log ---
manifest
ADDED from jpush-android-arm\example\AndroidManifest.xml:2:1-160:12
	xmlns:android
		ADDED from jpush-android-arm\example\AndroidManifest.xml:2:11-69
	package
		ADDED from jpush-android-arm\example\AndroidManifest.xml:3:5-36
	android:versionName
		ADDED from jpush-android-arm\example\AndroidManifest.xml:5:5-32
	android:versionCode
		ADDED from jpush-android-arm\example\AndroidManifest.xml:4:5-28
		INJECTED from jpush-android-arm\example\AndroidManifest.xml
		INJECTED from jpush-android-arm\example\AndroidManifest.xml
uses-sdk
ADDED from jpush-android-arm\example\AndroidManifest.xml:7:5-74
	android:targetSdkVersion
		ADDED from jpush-android-arm\example\AndroidManifest.xml:7:42-71
	android:minSdkVersion
		ADDED from jpush-android-arm\example\AndroidManifest.xml:7:15-41
permission#com.example.jpushdemo.permission.JPUSH_MESSAGE
ADDED from jpush-android-arm\example\AndroidManifest.xml:8:5-10:47
	android:protectionLevel
		ADDED from jpush-android-arm\example\AndroidManifest.xml:10:9-44
	android:name
		ADDED from jpush-android-arm\example\AndroidManifest.xml:9:9-70
uses-permission#com.heshidai.demo.permission.JPUSH_MESSAGE
ADDED from jpush-android-arm\example\AndroidManifest.xml:13:5-82
	android:name
		ADDED from jpush-android-arm\example\AndroidManifest.xml:13:22-79
uses-permission#android.permission.RECEIVE_USER_PRESENT
ADDED from jpush-android-arm\example\AndroidManifest.xml:14:5-79
	android:name
		ADDED from jpush-android-arm\example\AndroidManifest.xml:14:22-76
uses-permission#android.permission.INTERNET
ADDED from jpush-android-arm\example\AndroidManifest.xml:15:5-67
	android:name
		ADDED from jpush-android-arm\example\AndroidManifest.xml:15:22-64
uses-permission#android.permission.WAKE_LOCK
ADDED from jpush-android-arm\example\AndroidManifest.xml:16:5-68
	android:name
		ADDED from jpush-android-arm\example\AndroidManifest.xml:16:22-65
uses-permission#android.permission.READ_PHONE_STATE
ADDED from jpush-android-arm\example\AndroidManifest.xml:17:5-75
	android:name
		ADDED from jpush-android-arm\example\AndroidManifest.xml:17:22-72
uses-permission#android.permission.WRITE_EXTERNAL_STORAGE
ADDED from jpush-android-arm\example\AndroidManifest.xml:18:5-81
	android:name
		ADDED from jpush-android-arm\example\AndroidManifest.xml:18:22-78
uses-permission#android.permission.READ_EXTERNAL_STORAGE
ADDED from jpush-android-arm\example\AndroidManifest.xml:19:5-80
	android:name
		ADDED from jpush-android-arm\example\AndroidManifest.xml:19:22-77
uses-permission#android.permission.WRITE_SETTINGS
ADDED from jpush-android-arm\example\AndroidManifest.xml:20:5-73
	android:name
		ADDED from jpush-android-arm\example\AndroidManifest.xml:20:22-70
uses-permission#android.permission.VIBRATE
ADDED from jpush-android-arm\example\AndroidManifest.xml:21:5-66
	android:name
		ADDED from jpush-android-arm\example\AndroidManifest.xml:21:22-63
uses-permission#android.permission.MOUNT_UNMOUNT_FILESYSTEMS
ADDED from jpush-android-arm\example\AndroidManifest.xml:22:5-84
	android:name
		ADDED from jpush-android-arm\example\AndroidManifest.xml:22:22-81
uses-permission#android.permission.ACCESS_NETWORK_STATE
ADDED from jpush-android-arm\example\AndroidManifest.xml:23:5-79
	android:name
		ADDED from jpush-android-arm\example\AndroidManifest.xml:23:22-76
uses-permission#android.permission.ACCESS_WIFI_STATE
ADDED from jpush-android-arm\example\AndroidManifest.xml:24:5-76
	android:name
		ADDED from jpush-android-arm\example\AndroidManifest.xml:24:22-73
uses-permission#android.permission.SYSTEM_ALERT_WINDOW
ADDED from jpush-android-arm\example\AndroidManifest.xml:25:5-77
	android:name
		ADDED from jpush-android-arm\example\AndroidManifest.xml:25:22-75
uses-permission#android.permission.ACCESS_COARSE_LOCATION
ADDED from jpush-android-arm\example\AndroidManifest.xml:30:5-81
	android:name
		ADDED from jpush-android-arm\example\AndroidManifest.xml:30:22-78
uses-permission#android.permission.CHANGE_WIFI_STATE
ADDED from jpush-android-arm\example\AndroidManifest.xml:31:5-76
	android:name
		ADDED from jpush-android-arm\example\AndroidManifest.xml:31:22-73
uses-permission#android.permission.ACCESS_FINE_LOCATION
ADDED from jpush-android-arm\example\AndroidManifest.xml:32:5-79
	android:name
		ADDED from jpush-android-arm\example\AndroidManifest.xml:32:22-76
uses-permission#android.permission.ACCESS_LOCATION_EXTRA_COMMANDS
ADDED from jpush-android-arm\example\AndroidManifest.xml:33:5-89
	android:name
		ADDED from jpush-android-arm\example\AndroidManifest.xml:33:22-86
uses-permission#android.permission.CHANGE_NETWORK_STATE
ADDED from jpush-android-arm\example\AndroidManifest.xml:34:5-79
	android:name
		ADDED from jpush-android-arm\example\AndroidManifest.xml:34:22-76
application
ADDED from jpush-android-arm\example\AndroidManifest.xml:36:5-159:19
	android:label
		ADDED from jpush-android-arm\example\AndroidManifest.xml:39:9-41
	android:allowBackup
		ADDED from jpush-android-arm\example\AndroidManifest.xml:38:9-35
	android:icon
		ADDED from jpush-android-arm\example\AndroidManifest.xml:37:9-45
	android:name
		ADDED from jpush-android-arm\example\AndroidManifest.xml:40:9-76
activity#com.example.jpushdemo.activity.MainActivity
ADDED from jpush-android-arm\example\AndroidManifest.xml:43:9-50:20
	android:label
		ADDED from jpush-android-arm\example\AndroidManifest.xml:45:13-45
	android:name
		ADDED from jpush-android-arm\example\AndroidManifest.xml:44:13-50
intent-filter#android.intent.action.MAIN+android.intent.category.LAUNCHER
ADDED from jpush-android-arm\example\AndroidManifest.xml:46:13-49:29
action#android.intent.action.MAIN
ADDED from jpush-android-arm\example\AndroidManifest.xml:47:17-69
	android:name
		ADDED from jpush-android-arm\example\AndroidManifest.xml:47:25-66
category#android.intent.category.LAUNCHER
ADDED from jpush-android-arm\example\AndroidManifest.xml:48:17-77
	android:name
		ADDED from jpush-android-arm\example\AndroidManifest.xml:48:27-74
activity#com.example.jpushdemo.activity.PushSetActivity
ADDED from jpush-android-arm\example\AndroidManifest.xml:52:8-103
	android:label
		ADDED from jpush-android-arm\example\AndroidManifest.xml:52:59-91
	android:name
		ADDED from jpush-android-arm\example\AndroidManifest.xml:52:18-58
activity#com.example.jpushdemo.activity.SettingActivity
ADDED from jpush-android-arm\example\AndroidManifest.xml:54:8-103
	android:label
		ADDED from jpush-android-arm\example\AndroidManifest.xml:54:59-91
	android:name
		ADDED from jpush-android-arm\example\AndroidManifest.xml:54:18-58
activity#com.example.jpushdemo.activity.TestActivity
ADDED from jpush-android-arm\example\AndroidManifest.xml:56:9-61:20
	android:exported
		ADDED from jpush-android-arm\example\AndroidManifest.xml:56:78-102
	android:name
		ADDED from jpush-android-arm\example\AndroidManifest.xml:56:19-77
intent-filter#jpush.testAction+jpush.testCategory
ADDED from jpush-android-arm\example\AndroidManifest.xml:57:13-60:29
action#jpush.testAction
ADDED from jpush-android-arm\example\AndroidManifest.xml:58:17-59
	android:name
		ADDED from jpush-android-arm\example\AndroidManifest.xml:58:25-56
category#jpush.testCategory
ADDED from jpush-android-arm\example\AndroidManifest.xml:59:17-63
	android:name
		ADDED from jpush-android-arm\example\AndroidManifest.xml:59:27-60
activity#cn.jpush.android.ui.PushActivity
ADDED from jpush-android-arm\example\AndroidManifest.xml:65:9-75:20
	android:configChanges
		ADDED from jpush-android-arm\example\AndroidManifest.xml:67:13-63
	android:theme
		ADDED from jpush-android-arm\example\AndroidManifest.xml:68:13-60
	android:exported
		ADDED from jpush-android-arm\example\AndroidManifest.xml:69:13-37
	android:name
		ADDED from jpush-android-arm\example\AndroidManifest.xml:66:13-60
intent-filter#android.intent.category.DEFAULT+cn.jpush.android.ui.PushActivity+com.example.jpushdemo
ADDED from jpush-android-arm\example\AndroidManifest.xml:70:13-74:29
action#cn.jpush.android.ui.PushActivity
ADDED from jpush-android-arm\example\AndroidManifest.xml:71:17-75
	android:name
		ADDED from jpush-android-arm\example\AndroidManifest.xml:71:25-72
category#android.intent.category.DEFAULT
ADDED from jpush-android-arm\example\AndroidManifest.xml:72:17-76
	android:name
		ADDED from jpush-android-arm\example\AndroidManifest.xml:72:27-73
category#com.example.jpushdemo
ADDED from jpush-android-arm\example\AndroidManifest.xml:73:17-66
	android:name
		ADDED from jpush-android-arm\example\AndroidManifest.xml:73:27-63
service#cn.jpush.android.service.DownloadService
ADDED from jpush-android-arm\example\AndroidManifest.xml:77:9-81:19
	android:exported
		ADDED from jpush-android-arm\example\AndroidManifest.xml:80:13-37
	android:enabled
		ADDED from jpush-android-arm\example\AndroidManifest.xml:79:13-35
	android:name
		ADDED from jpush-android-arm\example\AndroidManifest.xml:78:13-68
service#cn.jpush.android.service.PushService
ADDED from jpush-android-arm\example\AndroidManifest.xml:86:9-96:19
	android:exported
		ADDED from jpush-android-arm\example\AndroidManifest.xml:89:13-37
	android:enabled
		ADDED from jpush-android-arm\example\AndroidManifest.xml:88:13-35
	android:name
		ADDED from jpush-android-arm\example\AndroidManifest.xml:87:13-64
intent-filter#cn.jpush.android.intent.PUSH_TIME+cn.jpush.android.intent.PushService+cn.jpush.android.intent.REGISTER+cn.jpush.android.intent.REPORT
ADDED from jpush-android-arm\example\AndroidManifest.xml:90:13-95:29
action#cn.jpush.android.intent.REGISTER
ADDED from jpush-android-arm\example\AndroidManifest.xml:91:17-75
	android:name
		ADDED from jpush-android-arm\example\AndroidManifest.xml:91:25-72
action#cn.jpush.android.intent.REPORT
ADDED from jpush-android-arm\example\AndroidManifest.xml:92:17-73
	android:name
		ADDED from jpush-android-arm\example\AndroidManifest.xml:92:25-70
action#cn.jpush.android.intent.PushService
ADDED from jpush-android-arm\example\AndroidManifest.xml:93:17-78
	android:name
		ADDED from jpush-android-arm\example\AndroidManifest.xml:93:25-75
action#cn.jpush.android.intent.PUSH_TIME
ADDED from jpush-android-arm\example\AndroidManifest.xml:94:17-76
	android:name
		ADDED from jpush-android-arm\example\AndroidManifest.xml:94:25-73
service#cn.jpush.android.service.DaemonService
ADDED from jpush-android-arm\example\AndroidManifest.xml:100:9-109:19
	android:exported
		ADDED from jpush-android-arm\example\AndroidManifest.xml:103:13-36
	android:enabled
		ADDED from jpush-android-arm\example\AndroidManifest.xml:102:13-35
	android:name
		ADDED from jpush-android-arm\example\AndroidManifest.xml:101:13-66
intent-filter#cn.jpush.android.intent.DaemonService+com.example.jpushdemo
ADDED from jpush-android-arm\example\AndroidManifest.xml:104:13-107:29
action#cn.jpush.android.intent.DaemonService
ADDED from jpush-android-arm\example\AndroidManifest.xml:105:17-80
	android:name
		ADDED from jpush-android-arm\example\AndroidManifest.xml:105:25-77
receiver#cn.jpush.android.service.PushReceiver
ADDED from jpush-android-arm\example\AndroidManifest.xml:112:9-131:20
	android:exported
		ADDED from jpush-android-arm\example\AndroidManifest.xml:115:13-37
	android:enabled
		ADDED from jpush-android-arm\example\AndroidManifest.xml:114:13-35
	android:name
		ADDED from jpush-android-arm\example\AndroidManifest.xml:113:13-65
intent-filter#cn.jpush.android.intent.NOTIFICATION_RECEIVED_PROXY+com.example.jpushdemo
ADDED from jpush-android-arm\example\AndroidManifest.xml:116:14-119:29
	android:priority
		ADDED from jpush-android-arm\example\AndroidManifest.xml:116:29-52
action#cn.jpush.android.intent.NOTIFICATION_RECEIVED_PROXY
ADDED from jpush-android-arm\example\AndroidManifest.xml:117:17-94
	android:name
		ADDED from jpush-android-arm\example\AndroidManifest.xml:117:25-91
intent-filter#android.intent.action.USER_PRESENT+android.net.conn.CONNECTIVITY_CHANGE
ADDED from jpush-android-arm\example\AndroidManifest.xml:120:13-123:29
action#android.intent.action.USER_PRESENT
ADDED from jpush-android-arm\example\AndroidManifest.xml:121:17-77
	android:name
		ADDED from jpush-android-arm\example\AndroidManifest.xml:121:25-74
action#android.net.conn.CONNECTIVITY_CHANGE
ADDED from jpush-android-arm\example\AndroidManifest.xml:122:17-79
	android:name
		ADDED from jpush-android-arm\example\AndroidManifest.xml:122:25-76
intent-filter#android.intent.action.PACKAGE_ADDED+android.intent.action.PACKAGE_REMOVED
ADDED from jpush-android-arm\example\AndroidManifest.xml:125:13-129:29
action#android.intent.action.PACKAGE_ADDED
ADDED from jpush-android-arm\example\AndroidManifest.xml:126:17-78
	android:name
		ADDED from jpush-android-arm\example\AndroidManifest.xml:126:25-75
action#android.intent.action.PACKAGE_REMOVED
ADDED from jpush-android-arm\example\AndroidManifest.xml:127:17-80
	android:name
		ADDED from jpush-android-arm\example\AndroidManifest.xml:127:25-77
data
ADDED from jpush-android-arm\example\AndroidManifest.xml:128:17-50
	android:scheme
		ADDED from jpush-android-arm\example\AndroidManifest.xml:128:23-47
receiver#cn.jpush.android.service.AlarmReceiver
ADDED from jpush-android-arm\example\AndroidManifest.xml:134:9-99
	android:exported
		ADDED from jpush-android-arm\example\AndroidManifest.xml:134:73-97
	android:name
		ADDED from jpush-android-arm\example\AndroidManifest.xml:134:19-72
receiver#com.example.jpushdemo.receiver.MyReceiver
ADDED from jpush-android-arm\example\AndroidManifest.xml:137:9-152:20
	android:exported
		ADDED from jpush-android-arm\example\AndroidManifest.xml:139:13-37
	android:enabled
		ADDED from jpush-android-arm\example\AndroidManifest.xml:140:13-35
	android:name
		ADDED from jpush-android-arm\example\AndroidManifest.xml:138:13-48
intent-filter#cn.jpush.android.intent.ACTION_RICHPUSH_CALLBACK+cn.jpush.android.intent.CONNECTION+cn.jpush.android.intent.MESSAGE_RECEIVED+cn.jpush.android.intent.NOTIFICATION_OPENED+cn.jpush.android.intent.NOTIFICATION_RECEIVED+cn.jpush.android.intent.REGISTRATION+cn.jpush.android.intent.UNREGISTRATION+com.example.jpushdemo
ADDED from jpush-android-arm\example\AndroidManifest.xml:141:13-151:29
action#cn.jpush.android.intent.REGISTRATION
ADDED from jpush-android-arm\example\AndroidManifest.xml:142:17-79
	android:name
		ADDED from jpush-android-arm\example\AndroidManifest.xml:142:25-76
action#cn.jpush.android.intent.UNREGISTRATION
ADDED from jpush-android-arm\example\AndroidManifest.xml:143:17-81
	android:name
		ADDED from jpush-android-arm\example\AndroidManifest.xml:143:25-78
action#cn.jpush.android.intent.MESSAGE_RECEIVED
ADDED from jpush-android-arm\example\AndroidManifest.xml:144:17-83
	android:name
		ADDED from jpush-android-arm\example\AndroidManifest.xml:144:25-80
action#cn.jpush.android.intent.NOTIFICATION_RECEIVED
ADDED from jpush-android-arm\example\AndroidManifest.xml:145:17-88
	android:name
		ADDED from jpush-android-arm\example\AndroidManifest.xml:145:25-85
action#cn.jpush.android.intent.NOTIFICATION_OPENED
ADDED from jpush-android-arm\example\AndroidManifest.xml:146:17-86
	android:name
		ADDED from jpush-android-arm\example\AndroidManifest.xml:146:25-83
action#cn.jpush.android.intent.ACTION_RICHPUSH_CALLBACK
ADDED from jpush-android-arm\example\AndroidManifest.xml:147:17-91
	android:name
		ADDED from jpush-android-arm\example\AndroidManifest.xml:147:25-88
action#cn.jpush.android.intent.CONNECTION
ADDED from jpush-android-arm\example\AndroidManifest.xml:148:17-77
	android:name
		ADDED from jpush-android-arm\example\AndroidManifest.xml:148:25-74
meta-data#JPUSH_CHANNEL
ADDED from jpush-android-arm\example\AndroidManifest.xml:156:9-84
	android:name
		ADDED from jpush-android-arm\example\AndroidManifest.xml:156:20-48
	android:value
		ADDED from jpush-android-arm\example\AndroidManifest.xml:156:49-82
meta-data#JPUSH_APPKEY
ADDED from jpush-android-arm\example\AndroidManifest.xml:157:9-91
	android:name
		ADDED from jpush-android-arm\example\AndroidManifest.xml:157:20-47
	android:value
		ADDED from jpush-android-arm\example\AndroidManifest.xml:157:48-88